0 info it worked if it ends with ok
1 verbose cli [ '/Users/p_rex/.nvm/versions/node/v7.2.1/bin/node',
1 verbose cli   '/Users/p_rex/.nvm/versions/node/v7.2.1/bin/npm',
1 verbose cli   'start' ]
2 info using npm@4.0.3
3 info using node@v7.2.1
4 verbose run-script [ 'prestart', 'start', 'poststart' ]
5 info lifecycle bearded-robot-suppliers@1.0.0~prestart: bearded-robot-suppliers@1.0.0
6 verbose lifecycle bearded-robot-suppliers@1.0.0~prestart: unsafe-perm in lifecycle true
7 verbose lifecycle bearded-robot-suppliers@1.0.0~prestart: PATH: /Users/p_rex/.nvm/versions/node/v7.2.1/lib/node_modules/npm/bin/node-gyp-bin:/Users/p_rex/Projects/BeardedRobotSuppliers/node_modules/.bin:/Users/p_rex/.nvm/versions/node/v7.2.1/bin:/Library/Java/JavaVirtualMachines/jdk1.8.0_91.jdk/Contents/Home//bin:/usr/local/bin:/usr/bin:/bin:/usr/sbin:/sbin:/Users/p_rex/Library/Android/sdk/tools:/Users/p_rex/Library/Android/sdk/platform-tools
8 verbose lifecycle bearded-robot-suppliers@1.0.0~prestart: CWD: /Users/p_rex/Projects/BeardedRobotSuppliers
9 silly lifecycle bearded-robot-suppliers@1.0.0~prestart: Args: [ '-c', 'babel-node tools/startMessage.js' ]
10 silly lifecycle bearded-robot-suppliers@1.0.0~prestart: Returned: code: 0  signal: null
11 info lifecycle bearded-robot-suppliers@1.0.0~start: bearded-robot-suppliers@1.0.0
12 verbose lifecycle bearded-robot-suppliers@1.0.0~start: unsafe-perm in lifecycle true
13 verbose lifecycle bearded-robot-suppliers@1.0.0~start: PATH: /Users/p_rex/.nvm/versions/node/v7.2.1/lib/node_modules/npm/bin/node-gyp-bin:/Users/p_rex/Projects/BeardedRobotSuppliers/node_modules/.bin:/Users/p_rex/.nvm/versions/node/v7.2.1/bin:/Library/Java/JavaVirtualMachines/jdk1.8.0_91.jdk/Contents/Home//bin:/usr/local/bin:/usr/bin:/bin:/usr/sbin:/sbin:/Users/p_rex/Library/Android/sdk/tools:/Users/p_rex/Library/Android/sdk/platform-tools
14 verbose lifecycle bearded-robot-suppliers@1.0.0~start: CWD: /Users/p_rex/Projects/BeardedRobotSuppliers
15 silly lifecycle bearded-robot-suppliers@1.0.0~start: Args: [ '-c', 'npm-run-all --parallel open:src lint:watch' ]
16 silly lifecycle bearded-robot-suppliers@1.0.0~start: Returned: code: 1  signal: null
17 info lifecycle bearded-robot-suppliers@1.0.0~start: Failed to exec start script
18 verbose stack Error: bearded-robot-suppliers@1.0.0 start: `npm-run-all --parallel open:src lint:watch`
18 verbose stack Exit status 1
18 verbose stack     at EventEmitter.<anonymous> (/Users/p_rex/.nvm/versions/node/v7.2.1/lib/node_modules/npm/lib/utils/lifecycle.js:279:16)
18 verbose stack     at emitTwo (events.js:106:13)
18 verbose stack     at EventEmitter.emit (events.js:191:7)
18 verbose stack     at ChildProcess.<anonymous> (/Users/p_rex/.nvm/versions/node/v7.2.1/lib/node_modules/npm/lib/utils/spawn.js:40:14)
18 verbose stack     at emitTwo (events.js:106:13)
18 verbose stack     at ChildProcess.emit (events.js:191:7)
18 verbose stack     at maybeClose (internal/child_process.js:885:16)
18 verbose stack     at Process.ChildProcess._handle.onexit (internal/child_process.js:226:5)
19 verbose pkgid bearded-robot-suppliers@1.0.0
20 verbose cwd /Users/p_rex/Projects/BeardedRobotSuppliers
21 error Darwin 16.3.0
22 error argv "/Users/p_rex/.nvm/versions/node/v7.2.1/bin/node" "/Users/p_rex/.nvm/versions/node/v7.2.1/bin/npm" "start"
23 error node v7.2.1
24 error npm  v4.0.3
25 error code ELIFECYCLE
26 error bearded-robot-suppliers@1.0.0 start: `npm-run-all --parallel open:src lint:watch`
26 error Exit status 1
27 error Failed at the bearded-robot-suppliers@1.0.0 start script 'npm-run-all --parallel open:src lint:watch'.
27 error Make sure you have the latest version of node.js and npm installed.
27 error If you do, this is most likely a problem with the bearded-robot-suppliers package,
27 error not with npm itself.
27 error Tell the author that this fails on your system:
27 error     npm-run-all --parallel open:src lint:watch
27 error You can get information on how to open an issue for this project with:
27 error     npm bugs bearded-robot-suppliers
27 error Or if that isn't available, you can get their info via:
27 error     npm owner ls bearded-robot-suppliers
27 error There is likely additional logging output above.
28 verbose exit [ 1, true ]
